2025/07/16 19:03:58 logger.go:38: [INFO] Starting API gateway on :8080
2025/07/16 19:04:16 logger.go:34: [DEBUG] Checking token for app: gateway_prod
2025/07/16 19:04:19 logger.go:46: [ERROR] DB error [app:gateway_prod]: context deadline exceeded
2025/07/16 19:04:19 logger.go:46: [ERROR] Token validation error: DB error [gateway_prod]: context deadline exceeded
2025/07/16 19:04:41 logger.go:34: [DEBUG] Checking token for app: gateway_prod
2025/07/16 19:04:48 logger.go:34: [DEBUG] Checking token for app: gateway_prod
2025/07/16 19:04:49 logger.go:34: [DEBUG] Sending request to https://apiml.labhub.online/api/v1/predict/ferr: {"uid":"web-client","age":25,"gender":1,"rdw":0,"wbc":0,"rbc":0,"hgb":0,"hct":0,"mcv":0,"mch":0,"mchc":0,"plt":0,"neu":0,"eos":0,"bas":0,"lym":0,"mon":0,"soe":0,"crp":0}
2025/07/16 19:04:49 logger.go:34: [DEBUG] Received response from https://apiml.labhub.online/api/v1/predict/ferr: {"uid":"web-client","prediction":14.66,"model":"ferr"}
2025/07/16 19:05:05 logger.go:38: [INFO] Server is shutting down...
2025/07/16 19:05:05 logger.go:38: [INFO] Server stopped
2025/07/17 21:11:53 logger.go:38: [INFO] Starting API gateway on :8080
2025/07/17 21:12:03 logger.go:34: [DEBUG] Checking token for app: gateway_prod
2025/07/17 21:12:05 logger.go:34: [DEBUG] Sending request to https://apiml.labhub.online/api/v1/predict/ferr: {"uid":"web-client","age":25,"gender":1,"rdw":0,"wbc":0,"rbc":0,"hgb":0,"hct":0,"mcv":0,"mch":0,"mchc":0,"plt":0,"neu":0,"eos":0,"bas":0,"lym":0,"mon":0,"soe":0,"crp":0}
2025/07/17 21:12:05 logger.go:34: [DEBUG] Received response from https://apiml.labhub.online/api/v1/predict/ferr: {"uid":"web-client","prediction":14.66,"model":"ferr"}
2025/07/17 21:12:13 logger.go:38: [INFO] Server is shutting down...
2025/07/17 21:12:13 logger.go:38: [INFO] Server stopped
2025/07/19 11:27:04 logger.go:38: [INFO] Starting API gateway on :8080
2025/07/19 11:27:09 logger.go:34: [DEBUG] Checking token for app: gateway_prod
2025/07/19 11:27:10 logger.go:34: [DEBUG] Sending request to https://apiml.labhub.online/api/v1/predict/ferr: {"uid":"web-client","age":25,"gender":1,"rdw":0,"wbc":0,"rbc":0,"hgb":0,"hct":0,"mcv":0,"mch":0,"mchc":0,"plt":0,"neu":0,"eos":0,"bas":0,"lym":0,"mon":0,"soe":0,"crp":0}
2025/07/19 11:27:10 logger.go:34: [DEBUG] Received response from https://apiml.labhub.online/api/v1/predict/ferr: {"uid":"web-client","prediction":14.66,"model":"ferr"}
2025/07/19 11:27:17 logger.go:34: [DEBUG] Checking token for app: gateway_prod
2025/07/19 11:27:22 logger.go:38: [INFO] Server is shutting down...
2025/07/19 11:27:22 logger.go:38: [INFO] Server stopped
2025/07/21 15:53:03 logger.go:38: [INFO] Starting API gateway on :8080
2025/07/21 15:53:05 logger.go:38: [INFO] Server is shutting down...
2025/07/21 15:53:05 logger.go:38: [INFO] Server stopped
2025/07/21 16:05:08 logger.go:38: [INFO] Starting API gateway on :8080
2025/07/21 16:05:11 logger.go:34: [DEBUG] Checking token for app: gateway_prod
2025/07/21 16:05:18 logger.go:38: [INFO] Server is shutting down...
2025/07/21 16:05:18 logger.go:38: [INFO] Server stopped
2025/07/21 22:52:39 logger.go:38: [INFO] Starting API gateway on :8080
2025/07/21 22:52:54 logger.go:34: [DEBUG] Checking token for app: gateway_prod
2025/07/21 22:52:59 logger.go:34: [DEBUG] Checking token for app: gateway_prod
2025/07/21 22:53:00 logger.go:34: [DEBUG] Sending request to https://apiml.labhub.online/api/v1/predict/ferr: {"uid":"web-client","age":25,"gender":1,"rdw":0,"wbc":0,"rbc":0,"hgb":0,"hct":0,"mcv":0,"mch":0,"mchc":0,"plt":0,"neu":0,"eos":0,"bas":0,"lym":0,"mon":0,"soe":0,"crp":0}
2025/07/21 22:53:00 logger.go:34: [DEBUG] Received response from https://apiml.labhub.online/api/v1/predict/ferr: {"uid":"web-client","prediction":14.66,"model":"ferr"}
2025/07/21 22:53:03 logger.go:38: [INFO] Server is shutting down...
2025/07/21 22:53:03 logger.go:38: [INFO] Server stopped
2025/07/21 23:03:19 logger.go:38: [INFO] Starting API gateway on :8080
2025/07/21 23:03:22 logger.go:38: [INFO] Server is shutting down...
2025/07/21 23:03:22 logger.go:38: [INFO] Server stopped
2025/07/21 23:04:38 logger.go:38: [INFO] Starting API gateway on :8080
2025/07/21 23:04:40 logger.go:38: [INFO] Server is shutting down...
2025/07/21 23:04:40 logger.go:38: [INFO] Server stopped
